c:\users\alex johnson\desktop\spring2022\551\551_fluids\x64\debug\vc143.pdb
c:\users\alex johnson\desktop\spring2022\551\551_fluids\x64\debug\vc143.idb
c:\users\alex johnson\desktop\spring2022\551\551_fluids\x64\debug\fluid.obj
c:\users\alex johnson\desktop\spring2022\551\551_fluids\x64\debug\kernel.cu.obj
c:\users\alex johnson\desktop\spring2022\551\551_fluids\x64\debug\kernel.cu.cache
c:\users\alex johnson\desktop\spring2022\551\551_fluids\x64\debug\551_fluids.exp
c:\users\alex johnson\desktop\spring2022\551\551_fluids\x64\debug\551_fluids.pdb
c:\users\alex johnson\desktop\spring2022\551\551_fluids\x64\debug\551_fluids.tlog\cl.command.1.tlog
c:\users\alex johnson\desktop\spring2022\551\551_fluids\x64\debug\551_fluids.tlog\cl.read.1.tlog
c:\users\alex johnson\desktop\spring2022\551\551_fluids\x64\debug\551_fluids.tlog\cl.write.1.tlog
c:\users\alex johnson\desktop\spring2022\551\551_fluids\x64\debug\551_fluids.tlog\cudacompile.read.1u.tlog
c:\users\alex johnson\desktop\spring2022\551\551_fluids\x64\debug\551_fluids.tlog\cudacompile.write.1u.tlog
c:\users\alex johnson\desktop\spring2022\551\551_fluids\x64\debug\551_fluids.tlog\link-cvtres.read.1.tlog
c:\users\alex johnson\desktop\spring2022\551\551_fluids\x64\debug\551_fluids.tlog\link-cvtres.write.1.tlog
c:\users\alex johnson\desktop\spring2022\551\551_fluids\x64\debug\551_fluids.tlog\link-rc.read.1.tlog
c:\users\alex johnson\desktop\spring2022\551\551_fluids\x64\debug\551_fluids.tlog\link-rc.write.1.tlog
c:\users\alex johnson\desktop\spring2022\551\551_fluids\x64\debug\551_fluids.tlog\link.command.1.tlog
c:\users\alex johnson\desktop\spring2022\551\551_fluids\x64\debug\551_fluids.tlog\link.read.1.tlog
c:\users\alex johnson\desktop\spring2022\551\551_fluids\x64\debug\551_fluids.tlog\link.read.2.tlog
c:\users\alex johnson\desktop\spring2022\551\551_fluids\x64\debug\551_fluids.tlog\link.write.1.tlog
